2024-09-26 22:09:17,502 - INFO - [User: Hugo] - Checking for log on Azure...
2024-09-26 22:09:17,631 - INFO - [User: Hugo] - No log found in Azure
2024-09-26 22:09:17,631 - INFO - [User: Hugo] - Creating a new log file locally as it not available in Azure
2024-09-26 22:09:17,631 - INFO - [User: Hugo] - Downloading data from Azure...
2024-09-26 22:09:17,695 - INFO - [User: Hugo] - Download complete!
2024-09-26 22:09:17,702 - INFO - [User: Hugo] - Uploading log to Azure...
2024-09-26 22:09:17,702 - INFO - [User: Hugo] - Uploading log to Azure...
2024-09-26 22:13:38,903 - INFO - [User: Hugo] - Log downloaded successfully from Azure
2024-09-26 22:13:38,904 - INFO - [User: Hugo] - Downloading data from Azure...
2024-09-26 22:13:38,979 - INFO - [User: Hugo] - Download complete!
2024-09-26 22:13:38,983 - INFO - [User: Hugo] - Uploading log to Azure...
2024-09-26 22:15:09,374 - INFO - [User: Hugo] - Log downloaded successfully from Azure
2024-09-26 22:15:09,375 - INFO - [User: Hugo] - Downloading data from Azure...
2024-09-26 22:15:09,447 - INFO - [User: Hugo] - Download complete!
2024-09-26 22:15:09,451 - INFO - [User: Hugo] - Uploading log to Azure...
2024-09-26 22:22:34,594 - INFO - [User: Hugo] - Log downloaded successfully from Azure
2024-09-26 22:22:34,595 - INFO - [User: Hugo] - Downloading data from Azure...
2024-09-26 22:22:34,675 - INFO - [User: Hugo] - Download complete!
2024-09-26 22:22:34,679 - INFO - [User: Hugo] - Uploading log to Azure...
2024-09-26 22:24:13,142 - INFO - [User: Hugo] - Log downloaded successfully from Azure
2024-09-26 22:24:13,144 - INFO - [User: Hugo] - Downloading data from Azure...
2024-09-26 22:24:13,224 - INFO - [User: Hugo] - Download complete!
2024-09-26 22:24:13,229 - INFO - [User: Hugo] - Uploading log to Azure...
2024-09-27 08:20:24,599 - INFO - [User: 46703] - Log downloaded successfully from Azure
2024-09-27 08:20:24,600 - INFO - [User: 46703] - Downloading data from Azure...
2024-09-27 08:20:24,683 - INFO - [User: 46703] - Download complete!
2024-09-27 08:20:24,701 - INFO - [User: 46703] - Uploading log to Azure...
2024-09-27 10:27:25,249 - INFO - [User: 46703] - Log downloaded successfully from Azure
2024-09-27 10:27:25,249 - INFO - [User: 46703] - Downloading data from Azure...
2024-09-27 10:27:25,316 - INFO - [User: 46703] - Download complete!
2024-09-27 10:27:25,328 - INFO - [User: 46703] - Uploading log to Azure...
2024-09-27 10:48:57,170 - INFO - [User: 46703] - Log downloaded successfully from Azure
2024-09-27 10:48:57,170 - INFO - [User: 46703] - Downloading data from Azure...
2024-09-27 10:48:57,228 - INFO - [User: 46703] - Download complete!
2024-09-27 10:49:13,242 - INFO - [User: 46703] - Uploading log to Azure...
2024-09-27 10:56:26,565 - INFO - [User: 46703] - Log downloaded successfully from Azure
2024-09-27 10:56:26,565 - INFO - [User: 46703] - Downloading data from Azure...
2024-09-27 10:56:26,628 - INFO - [User: 46703] - Download complete!
2024-09-27 10:56:26,628 - INFO - [User: 46703] - Generating data plot...
2024-09-27 10:57:20,293 - INFO - [User: 46703] - Uploading log to Azure...
2024-09-27 14:01:55,407 - INFO - [User: 46703] - Log downloaded successfully from Azure
2024-09-27 14:01:55,409 - INFO - [User: 46703] - Downloading data from Azure...
2024-09-27 14:01:55,481 - INFO - [User: 46703] - Download complete!
2024-09-27 14:01:55,484 - INFO - [User: 46703] - Data availability check...
2024-09-27 14:01:55,490 - INFO - [User: 46703] - Uploading log to Azure...
2024-09-27 14:19:28,553 - INFO - [User: 46703] - Log downloaded successfully from Azure
2024-09-27 14:19:28,554 - INFO - [User: 46703] - Downloading data from Azure...
2024-09-27 14:19:28,614 - INFO - [User: 46703] - Download complete!
2024-09-27 14:19:28,615 - INFO - [User: 46703] - Data availability check...
2024-09-27 14:19:28,677 - INFO - [User: 46703] - Uploading log to Azure...
2024-09-27 14:27:25,014 - INFO - [User: 46703] - Log downloaded successfully from Azure
2024-09-27 14:27:25,014 - INFO - [User: 46703] - Downloading data from Azure...
2024-09-27 14:27:25,092 - INFO - [User: 46703] - Download complete!
2024-09-27 14:27:25,092 - INFO - [User: 46703] - Data availability check...
2024-09-27 14:27:25,097 - INFO - [User: 46703] - Uploading log to Azure...
2024-09-29 22:45:16,032 - INFO - [User: Hugo] - Log downloaded successfully from Azure
2024-09-29 22:45:16,033 - INFO - [User: Hugo] - Downloading data from Azure...
2024-09-29 22:45:16,125 - INFO - [User: Hugo] - Download complete!
2024-09-29 22:45:16,126 - INFO - [User: Hugo] - Data availability check...
2024-09-29 22:45:16,130 - INFO - [User: Hugo] - Uploading log to Azure...
2024-09-30 12:28:55,716 - INFO - [User: Hugo] - Log downloaded successfully from Azure
2024-09-30 12:28:55,717 - INFO - [User: Hugo] - Downloading data from Azure...
2024-09-30 12:28:55,823 - INFO - [User: Hugo] - Download complete!
2024-09-30 12:28:55,824 - INFO - [User: Hugo] - Data availability check...
2024-09-30 12:28:55,827 - INFO - [User: Hugo] - Uploading log to Azure...
2024-10-01 13:16:40,450 - INFO - [User: 46703] - Log downloaded successfully from Azure
2024-10-01 13:16:40,450 - INFO - [User: 46703] - Downloading data from Azure...
2024-10-01 13:16:40,585 - INFO - [User: 46703] - Download complete!
2024-10-01 13:16:40,585 - INFO - [User: 46703] - Data availability check...
2024-10-01 13:16:40,594 - INFO - [User: 46703] - Uploading log to Azure...
2024-10-01 13:16:53,557 - INFO - [User: 46703] - Log downloaded successfully from Azure
2024-10-01 13:16:53,557 - INFO - [User: 46703] - Downloading data from Azure...
2024-10-01 13:16:53,634 - INFO - [User: 46703] - Download complete!
2024-10-01 13:16:53,638 - INFO - [User: 46703] - Sending API-requests...
2024-10-01 13:16:54,302 - INFO - [User: 46703] - API-requests successful!
2024-10-01 13:16:54,302 - INFO - [User: 46703] - Saving data locally...
2024-10-01 13:16:54,302 - INFO - [User: 46703] - Local save complete!
2024-10-01 13:16:54,310 - INFO - [User: 46703] - Uploading data to Azure...
2024-10-01 13:16:54,382 - INFO - [User: 46703] - Data uploaded successfully
2024-10-01 13:16:54,382 - INFO - [User: 46703] - Uploading log to Azure...
2024-10-01 13:18:16,357 - INFO - [User: 46703] - Log downloaded successfully from Azure
2024-10-01 13:18:16,357 - INFO - [User: 46703] - Downloading data from Azure...
2024-10-01 13:18:16,418 - INFO - [User: 46703] - Download complete!
2024-10-01 13:18:16,418 - INFO - [User: 46703] - Data availability check...
2024-10-01 13:18:16,431 - INFO - [User: 46703] - Uploading log to Azure...
2024-10-07 09:18:01,487 - INFO - [User: 46703] - Log downloaded successfully from Azure
2024-10-07 09:18:01,487 - INFO - [User: 46703] - Downloading data from Azure...
2024-10-07 09:18:01,567 - INFO - [User: 46703] - Download complete!
2024-10-07 09:18:01,567 - INFO - [User: 46703] - Data availability check...
2024-10-07 09:18:01,598 - INFO - [User: 46703] - Uploading log to Azure...
2024-10-07 09:18:34,667 - INFO - [User: 46703] - Log downloaded successfully from Azure
2024-10-07 09:18:34,667 - INFO - [User: 46703] - Downloading data from Azure...
2024-10-07 09:18:34,746 - INFO - [User: 46703] - Download complete!
2024-10-07 09:18:34,746 - INFO - [User: 46703] - Updating data...
2024-10-07 09:18:34,746 - INFO - [User: 46703] - Sending API-requests...
2024-10-07 09:18:35,878 - INFO - [User: 46703] - API-requests successful!
2024-10-07 09:18:35,878 - INFO - [User: 46703] - Data updated successfully!
2024-10-07 09:18:35,878 - INFO - [User: 46703] - Saving data locally...
2024-10-07 09:18:35,878 - INFO - [User: 46703] - Local save complete!
2024-10-07 09:18:35,878 - INFO - [User: 46703] - Uploading data to Azure...
2024-10-07 09:18:35,942 - INFO - [User: 46703] - Data uploaded successfully
2024-10-07 09:18:35,942 - INFO - [User: 46703] - Uploading log to Azure...
2024-10-07 09:18:48,122 - INFO - [User: 46703] - Log downloaded successfully from Azure
2024-10-07 09:18:48,122 - INFO - [User: 46703] - Downloading data from Azure...
2024-10-07 09:18:48,201 - INFO - [User: 46703] - Download complete!
2024-10-07 09:18:48,201 - INFO - [User: 46703] - Data availability check...
2024-10-07 09:18:48,201 - INFO - [User: 46703] - Uploading log to Azure...
2024-10-13 14:17:25,663 - INFO - [User: 46703] - Log downloaded successfully from Azure
2024-10-13 14:17:25,663 - INFO - [User: 46703] - Downloading data from Azure...
2024-10-13 14:17:25,787 - INFO - [User: 46703] - Download complete!
2024-10-13 14:17:25,787 - INFO - [User: 46703] - Data availability check...
2024-10-13 14:17:25,804 - INFO - [User: 46703] - Uploading log to Azure...
2024-10-13 14:17:31,511 - INFO - [User: 46703] - Log downloaded successfully from Azure
2024-10-13 14:17:31,511 - INFO - [User: 46703] - Downloading data from Azure...
2024-10-13 14:17:31,587 - INFO - [User: 46703] - Download complete!
2024-10-13 14:17:31,587 - INFO - [User: 46703] - Updating data...
2024-10-13 14:17:31,587 - INFO - [User: 46703] - Sending API-requests...
2024-10-13 14:17:32,856 - INFO - [User: 46703] - API-requests successful!
2024-10-13 14:17:32,856 - INFO - [User: 46703] - Data updated successfully!
2024-10-13 14:17:32,856 - INFO - [User: 46703] - Saving data locally...
2024-10-13 14:17:32,862 - INFO - [User: 46703] - Local save complete!
2024-10-13 14:17:32,862 - INFO - [User: 46703] - Uploading data to Azure...
2024-10-13 14:17:32,946 - INFO - [User: 46703] - Data uploaded successfully
2024-10-13 14:17:32,946 - INFO - [User: 46703] - Uploading log to Azure...
2024-10-13 14:17:36,928 - INFO - [User: 46703] - Log downloaded successfully from Azure
2024-10-13 14:17:36,928 - INFO - [User: 46703] - Downloading data from Azure...
2024-10-13 14:17:37,029 - INFO - [User: 46703] - Download complete!
2024-10-13 14:17:37,029 - INFO - [User: 46703] - Data availability check...
2024-10-13 14:17:37,037 - INFO - [User: 46703] - Uploading log to Azure...
2024-10-17 11:50:55,790 - INFO - [User: Hugo] - Log downloaded successfully from Azure
2024-10-17 11:50:55,792 - INFO - [User: Hugo] - Downloading data from Azure...
2024-10-17 11:50:55,892 - INFO - [User: Hugo] - Download complete!
2024-10-17 11:50:55,893 - INFO - [User: Hugo] - Data availability check...
2024-10-17 11:50:55,897 - INFO - [User: Hugo] - Uploading log to Azure...
2024-10-17 11:51:01,921 - INFO - [User: Hugo] - Log downloaded successfully from Azure
2024-10-17 11:51:01,922 - INFO - [User: Hugo] - Downloading data from Azure...
2024-10-17 11:51:02,001 - INFO - [User: Hugo] - Download complete!
2024-10-17 11:51:02,002 - INFO - [User: Hugo] - Updating data...
2024-10-17 11:51:02,004 - INFO - [User: Hugo] - Sending API-requests...
2024-10-17 11:51:03,222 - INFO - [User: Hugo] - API-requests successful!
2024-10-17 11:51:03,222 - INFO - [User: Hugo] - Data updated successfully!
2024-10-17 11:51:03,222 - INFO - [User: Hugo] - Saving data locally...
2024-10-17 11:51:03,223 - INFO - [User: Hugo] - Local save complete!
2024-10-17 11:51:03,223 - INFO - [User: Hugo] - Uploading data to Azure...
2024-10-17 11:51:03,301 - INFO - [User: Hugo] - Data uploaded successfully
2024-10-17 11:51:03,302 - INFO - [User: Hugo] - Uploading log to Azure...
2024-10-17 11:51:06,824 - INFO - [User: Hugo] - Log downloaded successfully from Azure
2024-10-17 11:51:06,825 - INFO - [User: Hugo] - Downloading data from Azure...
2024-10-17 11:51:06,898 - INFO - [User: Hugo] - Download complete!
2024-10-17 11:51:06,899 - INFO - [User: Hugo] - Data availability check...
2024-10-17 11:51:06,901 - INFO - [User: Hugo] - Uploading log to Azure...
2024-10-17 13:01:31,627 - INFO - [User: Hugo] - Log downloaded successfully from Azure
2024-10-17 13:01:31,628 - INFO - [User: Hugo] - Downloading data from Azure...
2024-10-17 13:01:31,717 - INFO - [User: Hugo] - Download complete!
2024-10-17 13:01:31,718 - INFO - [User: Hugo] - Data availability check...
2024-10-17 13:01:31,720 - INFO - [User: Hugo] - Uploading log to Azure...
2024-10-17 13:01:42,027 - INFO - [User: Hugo] - Log downloaded successfully from Azure
2024-10-17 13:01:42,028 - INFO - [User: Hugo] - Downloading data from Azure...
2024-10-17 13:01:42,107 - INFO - [User: Hugo] - Download complete!
2024-10-17 13:01:42,108 - INFO - [User: Hugo] - Uploading log to Azure...
2024-10-17 13:01:47,745 - INFO - [User: Hugo] - Log downloaded successfully from Azure
2024-10-17 13:01:47,747 - INFO - [User: Hugo] - Downloading data from Azure...
2024-10-17 13:01:47,839 - INFO - [User: Hugo] - Download complete!
2024-10-17 13:01:47,841 - INFO - [User: Hugo] - Updating data...
2024-10-17 13:01:47,842 - INFO - [User: Hugo] - Sending API-requests...
2024-10-17 13:01:49,935 - INFO - [User: Hugo] - API-requests successful!
2024-10-17 13:01:49,935 - INFO - [User: Hugo] - Data updated successfully!
2024-10-17 13:01:49,935 - INFO - [User: Hugo] - Saving data locally...
2024-10-17 13:01:49,936 - INFO - [User: Hugo] - Local save complete!
2024-10-17 13:01:49,936 - INFO - [User: Hugo] - Uploading data to Azure...
2024-10-17 13:01:50,016 - INFO - [User: Hugo] - Data uploaded successfully
2024-10-17 13:01:50,017 - INFO - [User: Hugo] - Uploading log to Azure...
2024-10-17 13:01:54,455 - INFO - [User: Hugo] - Log downloaded successfully from Azure
2024-10-17 13:01:54,456 - INFO - [User: Hugo] - Downloading data from Azure...
2024-10-17 13:01:54,524 - INFO - [User: Hugo] - Download complete!
2024-10-17 13:01:54,525 - INFO - [User: Hugo] - Data availability check...
2024-10-17 13:01:54,527 - INFO - [User: Hugo] - Uploading log to Azure...
2024-10-17 13:02:01,673 - INFO - [User: Hugo] - Log downloaded successfully from Azure
2024-10-17 13:02:01,674 - INFO - [User: Hugo] - Downloading data from Azure...
2024-10-17 13:02:01,761 - INFO - [User: Hugo] - Download complete!
2024-10-17 13:02:01,762 - INFO - [User: Hugo] - Uploading log to Azure...
2024-10-17 13:02:07,079 - INFO - [User: Hugo] - Log downloaded successfully from Azure
2024-10-17 13:02:07,080 - INFO - [User: Hugo] - Downloading data from Azure...
2024-10-17 13:02:07,153 - INFO - [User: Hugo] - Download complete!
2024-10-17 13:02:07,155 - INFO - [User: Hugo] - Uploading log to Azure...
2024-10-17 13:02:12,202 - INFO - [User: Hugo] - Log downloaded successfully from Azure
2024-10-17 13:02:12,203 - INFO - [User: Hugo] - Downloading data from Azure...
2024-10-17 13:02:12,278 - INFO - [User: Hugo] - Download complete!
2024-10-17 13:02:22,700 - INFO - [User: Hugo] - Uploading log to Azure...
2024-10-17 13:02:22,788 - INFO - [User: Hugo] - Log uploaded successfully to Azure
2024-10-17 13:02:22,788 - INFO - [User: Hugo] - Program terminated
2024-10-31 20:06:05,267 - INFO  - Loading data...
2024-10-31 20:06:05,267 - INFO  - Updating data...
2024-10-31 20:06:05,286 - INFO  - Sending API-requests...
2024-10-31 20:06:06,693 - INFO  - API-requests successful!
2024-10-31 20:06:06,693 - INFO  - Data updated successfully!
2024-10-31 20:06:06,693 - INFO  - Saving data...
2024-10-31 20:06:06,693 - INFO  - Save complete!
2024-11-01 11:10:58,083 - INFO  - Loading data...
2024-11-01 11:10:58,084 - INFO  - Updating data...
2024-11-01 11:10:58,090 - INFO  - Nothing to update, most recent data available
2024-11-01 11:10:58,090 - INFO  - Data updated successfully!
2024-11-01 11:10:58,090 - INFO  - Saving data...
2024-11-01 11:10:58,091 - INFO  - Save complete!
2024-11-04 11:12:40,435 - INFO  - Loading data...
2024-11-04 11:12:40,435 - INFO  - Updating data...
2024-11-04 11:12:40,442 - INFO  - Sending API-requests...
2024-11-04 11:12:41,459 - INFO  - API-requests successful!
2024-11-04 11:12:41,459 - INFO  - Data updated successfully!
2024-11-04 11:12:41,459 - INFO  - Saving data...
2024-11-04 11:12:41,460 - INFO  - Save complete!
2024-11-08 11:10:27,428 - INFO  - Loading data...
2024-11-08 11:10:27,428 - INFO  - Updating data...
2024-11-08 11:10:27,456 - INFO  - Sending API-requests...
2024-11-08 11:10:28,617 - INFO  - API-requests successful!
2024-11-08 11:10:28,617 - INFO  - Data updated successfully!
2024-11-08 11:10:28,617 - INFO  - Saving data...
2024-11-08 11:10:28,617 - INFO  - Save complete!
2024-11-11 11:10:21,151 - INFO  - Loading data...
2024-11-11 11:10:21,152 - INFO  - Updating data...
2024-11-11 11:10:21,159 - INFO  - Sending API-requests...
2024-11-11 11:10:22,073 - INFO  - API-requests successful!
2024-11-11 11:10:22,073 - INFO  - Data updated successfully!
2024-11-11 11:10:22,073 - INFO  - Saving data...
2024-11-11 11:10:22,074 - INFO  - Save complete!
2024-11-15 11:11:06,135 - INFO  - Loading data...
2024-11-15 11:11:06,136 - INFO  - Updating data...
2024-11-15 11:11:06,142 - INFO  - Sending API-requests...
2024-11-15 11:11:07,228 - INFO  - API-requests successful!
2024-11-15 11:11:07,228 - INFO  - Data updated successfully!
2024-11-15 11:11:07,228 - INFO  - Saving data...
2024-11-15 11:11:07,229 - INFO  - Save complete!
2024-11-18 11:11:45,949 - INFO  - Loading data...
2024-11-18 11:11:45,950 - INFO  - Updating data...
2024-11-18 11:11:45,991 - INFO  - Sending API-requests...
2024-11-18 11:11:47,088 - INFO  - API-requests successful!
2024-11-18 11:11:47,088 - INFO  - Data updated successfully!
2024-11-18 11:11:47,088 - INFO  - Saving data...
2024-11-18 11:11:47,089 - INFO  - Save complete!
2024-11-22 11:11:06,662 - INFO  - Loading data...
2024-11-22 11:11:06,662 - INFO  - Updating data...
2024-11-22 11:11:06,670 - INFO  - Sending API-requests...
2024-11-22 11:11:07,595 - INFO  - API-requests successful!
2024-11-22 11:11:07,596 - INFO  - Data updated successfully!
2024-11-22 11:11:07,596 - INFO  - Saving data...
2024-11-22 11:11:07,596 - INFO  - Save complete!
